<?xml version="1.0" encoding="UTF-8"?>
<!-- Generated by org.testng.reporters.JUnitReportReporter -->
<testsuite skipped="0" hostname="LAPTOP-OFIJ2E99" name="com.walmart.Testcases.TC003_UpdateMethod" tests="4" failures="0" timestamp="2020-03-17T21:11:17 EDT" time="24.099" errors="0">
  <testcase name="chectstatusCodeTest" time="9.563" classname="com.walmart.Testcases.TC003_UpdateMethod"/>
  <testcase name="statusresponsetimeTest" time="4.574" classname="com.walmart.Testcases.TC003_UpdateMethod"/>
  <testcase name="getHeaderTest" time="4.531" classname="com.walmart.Testcases.TC003_UpdateMethod"/>
  <testcase name="jsonpathTest" time="5.431" classname="com.walmart.Testcases.TC003_UpdateMethod"/>
</testsuite> <!-- com.walmart.Testcases.TC003_UpdateMethod -->
