<?xml version="1.0" encoding="UTF-8"?>
<!-- Generated by org.testng.reporters.JUnitReportReporter -->
<testsuite skipped="0" hostname="LAPTOP-OFIJ2E99" name="com.walmart.Testcases.TC001_getAllemployees" tests="5" failures="0" timestamp="2020-03-17T19:41:23 EDT" time="23.397" errors="0">
  <testcase name="statusCodeTest" time="3.284" classname="com.walmart.Testcases.TC001_getAllemployees"/>
  <testcase name="responseBodyTest" time="3.144" classname="com.walmart.Testcases.TC001_getAllemployees"/>
  <testcase name="statusresponsetimeTest" time="3.146" classname="com.walmart.Testcases.TC001_getAllemployees"/>
  <testcase name="getHeaderTest" time="3.160" classname="com.walmart.Testcases.TC001_getAllemployees"/>
  <testcase name="jsonpathTest" time="10.663" classname="com.walmart.Testcases.TC001_getAllemployees"/>
</testsuite> <!-- com.walmart.Testcases.TC001_getAllemployees -->
