<?xml version="1.0" encoding="UTF-8"?>
<!-- Generated by org.testng.reporters.JUnitReportReporter -->
<testsuite skipped="0" hostname="LAPTOP-OFIJ2E99" name="RestApiDemo.DataDrivenApi" tests="11" failures="0" timestamp="2020-03-13T20:45:18 EDT" time="6.187" errors="0">
  <testcase name="dataDrivenPostTest" time="0.031" classname="RestApiDemo.DataDrivenApi"/>
  <testcase name="dataDrivenPostTest" time="0.047" classname="RestApiDemo.DataDrivenApi"/>
  <testcase name="dataDrivenPostTest" time="0.063" classname="RestApiDemo.DataDrivenApi"/>
  <testcase name="dataDrivenPostTest" time="0.061" classname="RestApiDemo.DataDrivenApi"/>
  <testcase name="dataDrivenPostTest" time="0.063" classname="RestApiDemo.DataDrivenApi"/>
  <testcase name="dataDrivenPostTest" time="0.188" classname="RestApiDemo.DataDrivenApi"/>
  <testcase name="dataDrivenPostTest" time="5.047" classname="RestApiDemo.DataDrivenApi"/>
  <testcase name="dataDrivenPostTest" time="0.047" classname="RestApiDemo.DataDrivenApi"/>
  <testcase name="dataDrivenPostTest" time="0.062" classname="RestApiDemo.DataDrivenApi"/>
  <testcase name="dataDrivenPostTest" time="0.468" classname="RestApiDemo.DataDrivenApi"/>
  <testcase name="dataDrivenPostTest" time="0.110" classname="RestApiDemo.DataDrivenApi"/>
</testsuite> <!-- RestApiDemo.DataDrivenApi -->
