<?xml version="1.0" encoding="UTF-8"?>
<!-- Generated by org.testng.reporters.JUnitReportReporter -->
<testsuite skipped="0" hostname="LAPTOP-OFIJ2E99" name="com.walmart.Testcases.TC002_PostMethod" tests="1" failures="0" timestamp="2020-03-17T20:56:28 EDT" time="9.290" errors="0">
  <testcase name="chectstatusCodeTest" time="9.290" classname="com.walmart.Testcases.TC002_PostMethod"/>
</testsuite> <!-- com.walmart.Testcases.TC002_PostMethod -->
