<?xml version="1.0" encoding="UTF-8"?>
<!-- Generated by org.testng.reporters.JUnitReportReporter -->
<testsuite skipped="0" hostname="LAPTOP-OFIJ2E99" name="RestApiDemo.ApiGetMethod" tests="1" failures="0" timestamp="2020-03-13T15:58:03 EDT" time="53.177" errors="0">
  <testcase name="getMethodTest" time="53.177" classname="RestApiDemo.ApiGetMethod"/>
</testsuite> <!-- RestApiDemo.ApiGetMethod -->
