<?xml version="1.0" encoding="UTF-8"?>
<!-- Generated by org.testng.reporters.JUnitReportReporter -->
<testsuite skipped="0" hostname="LAPTOP-OFIJ2E99" name="RestApiDemo.Authentication" tests="1" failures="0" timestamp="2020-03-10T23:28:49 EDT" time="5.071" errors="0">
  <testcase name="authenticationTest" time="5.071" classname="RestApiDemo.Authentication"/>
</testsuite> <!-- RestApiDemo.Authentication -->
